{"numTotalTestSuites":41,"numPassedTestSuites":41,"numFailedTestSuites":0,"numPendingTestSuites":0,"numTotalTests":37,"numPassedTests":36,"numFailedTests":0,"numPendingTests":1,"numTodoTests":0,"snapshot":{"added":0,"failure":false,"filesAdded":0,"filesRemoved":0,"filesRemovedList":[],"filesUnmatched":0,"filesUpdated":0,"matched":0,"total":0,"unchecked":0,"uncheckedKeysByFile":[],"unmatched":0,"updated":0,"didUpdate":false},"startTime":1751261764839,"success":true,"testResults":[{"assertionResults":[{"ancestorTitles":["behavior"],"fullName":"behavior \n  複数のLocalPersonがPluginを利用している時に\n  あるLocalPersonが退室した際に\n  そのLocalPersonのTransportが破棄される","status":"passed","title":"\n  複数のLocalPersonがPluginを利用している時に\n  あるLocalPersonが退室した際に\n  そのLocalPersonのTransportが破棄される","duration":1146.6000000000931,"failureMessages":[],"meta":{}},{"ancestorTitles":["behavior"],"fullName":"behavior subscribers count should release","status":"passed","title":"subscribers count should release","duration":4994.799999999814,"failureMessages":[],"meta":{}}],"startTime":1751261768108,"endTime":1751261774248.8,"status":"passed","message":"","name":"/Users/shiso/Documents/js-sdk/packages/sfu-bot/tests/behavior.test.ts"},{"assertionResults":[{"ancestorTitles":["localPerson","methods","subscribe","success"],"fullName":"localPerson methods subscribe success normal","status":"passed","title":"normal","duration":2673.600000000093,"failureMessages":[],"meta":{}},{"ancestorTitles":["localPerson","methods","subscribe","success"],"fullName":"localPerson methods subscribe success subscribe preferred low layer","status":"passed","title":"subscribe preferred low layer","duration":3367.600000000093,"failureMessages":[],"meta":{}},{"ancestorTitles":["localPerson","methods","subscribe","success"],"fullName":"localPerson methods subscribe success subscribe preferred high layer","status":"passed","title":"subscribe preferred high layer","duration":3314.2000000001863,"failureMessages":[],"meta":{}},{"ancestorTitles":["localPerson","methods","subscribe","fail"],"fullName":"localPerson methods subscribe fail exceeded maxSubscribes limitation","status":"passed","title":"exceeded maxSubscribes limitation","duration":1655.2999999998137,"failureMessages":[],"meta":{}},{"ancestorTitles":["localPerson","methods","unpublish"],"fullName":"localPerson methods unpublish should relayed publication to be unpublished","status":"passed","title":"should relayed publication to be unpublished","duration":1134.5,"failureMessages":[],"meta":{}},{"ancestorTitles":["localPerson","methods","publish","success"],"fullName":"localPerson methods publish success enable opusDtx","status":"passed","title":"enable opusDtx","duration":1579.0999999996275,"failureMessages":[],"meta":{}},{"ancestorTitles":["localPerson","methods","publish","success"],"fullName":"localPerson methods publish success disable opusDtx","status":"passed","title":"disable opusDtx","duration":1492.3000000002794,"failureMessages":[],"meta":{}},{"ancestorTitles":["localPerson","methods","publish","success"],"fullName":"localPerson methods publish success use h264","status":"skipped","title":"use h264","failureMessages":[],"meta":{}},{"ancestorTitles":["localPerson","methods","updateEncodings"],"fullName":"localPerson methods updateEncodings should update encodings","status":"passed","title":"should update encodings","duration":5684.5,"failureMessages":[],"meta":{}},{"ancestorTitles":["scenario"],"fullName":"scenario forwardingが完了する前にChannelにRelayingPublicationがPublishされた時点でSubscribeできる","status":"passed","title":"forwardingが完了する前にChannelにRelayingPublicationがPublishされた時点でSubscribeできる","duration":1835.6000000000931,"failureMessages":[],"meta":{}}],"startTime":1751261768112,"endTime":1751261790848.6,"status":"passed","message":"","name":"/Users/shiso/Documents/js-sdk/packages/sfu-bot/tests/localPerson.test.ts"},{"assertionResults":[{"ancestorTitles":["sfuBotMember","methods","startForwarding","success"],"fullName":"sfuBotMember methods startForwarding success audioStream","status":"passed","title":"audioStream","duration":1125.6000000000931,"failureMessages":[],"meta":{}},{"ancestorTitles":["sfuBotMember","methods","startForwarding","success"],"fullName":"sfuBotMember methods startForwarding success videoStream","status":"passed","title":"videoStream","duration":822.3000000002794,"failureMessages":[],"meta":{}},{"ancestorTitles":["sfuBotMember","methods","startForwarding","fail"],"fullName":"sfuBotMember methods startForwarding fail with incomplete permission token","status":"passed","title":"with incomplete permission token","duration":562,"failureMessages":[],"meta":{}},{"ancestorTitles":["sfuBotMember","methods","startForwarding","fail"],"fullName":"sfuBotMember methods startForwarding fail bot not exist","status":"passed","title":"bot not exist","duration":763.9000000003725,"failureMessages":[],"meta":{}},{"ancestorTitles":["sfuBotMember","methods","startForwarding","fail"],"fullName":"sfuBotMember methods startForwarding fail publication not exist","status":"passed","title":"publication not exist","duration":521.1999999997206,"failureMessages":[],"meta":{}},{"ancestorTitles":["sfuBotMember","methods","startForwarding","fail"],"fullName":"sfuBotMember methods startForwarding fail dataStream not supported","status":"passed","title":"dataStream not supported","duration":487.8000000002794,"failureMessages":[],"meta":{}},{"ancestorTitles":["sfuBotMember","methods","stopForwarding"],"fullName":"sfuBotMember methods stopForwarding success","status":"passed","title":"success","duration":981.5,"failureMessages":[],"meta":{}},{"ancestorTitles":["sfuBotMember","methods","stopForwarding","fail"],"fullName":"sfuBotMember methods stopForwarding fail with incomplete permission token","status":"passed","title":"with incomplete permission token","duration":1030.1000000000931,"failureMessages":[],"meta":{}},{"ancestorTitles":["sfuBotMember","methods","stopForwarding","fail"],"fullName":"sfuBotMember methods stopForwarding fail bot not exist","status":"passed","title":"bot not exist","duration":876.2000000001863,"failureMessages":[],"meta":{}},{"ancestorTitles":["sfuBotMember","methods","stopForwarding","fail"],"fullName":"sfuBotMember methods stopForwarding fail not exist forwarding","status":"passed","title":"not exist forwarding","duration":491.39999999990687,"failureMessages":[],"meta":{}},{"ancestorTitles":["sfuBotMember","properties","publications"],"fullName":"sfuBotMember properties publications increase and decrease","status":"passed","title":"increase and decrease","duration":995.7999999998137,"failureMessages":[],"meta":{}},{"ancestorTitles":["sfuBotMember","properties","subscriptions"],"fullName":"sfuBotMember properties subscriptions increase and decrease","status":"passed","title":"increase and decrease","duration":1029.6000000000931,"failureMessages":[],"meta":{}},{"ancestorTitles":["sfuBotMember","events"],"fullName":"sfuBotMember events onForwardingStarted","status":"passed","title":"onForwardingStarted","duration":859.3999999999069,"failureMessages":[],"meta":{}},{"ancestorTitles":["sfuBotMember","events"],"fullName":"sfuBotMember events onForwardingStopped","status":"passed","title":"onForwardingStopped","duration":1143.9000000003725,"failureMessages":[],"meta":{}},{"ancestorTitles":["dispose"],"fullName":"dispose should dispose connections when channel closed","status":"passed","title":"should dispose connections when channel closed","duration":835.3000000002794,"failureMessages":[],"meta":{}}],"startTime":1751261768110,"endTime":1751261780636.3,"status":"passed","message":"","name":"/Users/shiso/Documents/js-sdk/packages/sfu-bot/tests/member.test.ts"},{"assertionResults":[{"ancestorTitles":["SfuBotPlugin","methods","createBot"],"fullName":"SfuBotPlugin methods createBot success","status":"passed","title":"success","duration":362.20000000018626,"failureMessages":[],"meta":{}},{"ancestorTitles":["SfuBotPlugin","methods","createBot","fail"],"fullName":"SfuBotPlugin methods createBot fail with incomplete permission token","status":"passed","title":"with incomplete permission token","duration":230,"failureMessages":[],"meta":{}},{"ancestorTitles":["SfuBotPlugin","methods","deleteBot"],"fullName":"SfuBotPlugin methods deleteBot success","status":"passed","title":"success","duration":346.89999999990687,"failureMessages":[],"meta":{}},{"ancestorTitles":["SfuBotPlugin","methods","deleteBot","fail"],"fullName":"SfuBotPlugin methods deleteBot fail bot not exist","status":"passed","title":"bot not exist","duration":257.5,"failureMessages":[],"meta":{}},{"ancestorTitles":["SfuBotPlugin","methods","deleteBot","fail"],"fullName":"SfuBotPlugin methods deleteBot fail with incomplete permission token","status":"passed","title":"with incomplete permission token","duration":291.6999999997206,"failureMessages":[],"meta":{}}],"startTime":1751261768109,"endTime":1751261769597.7,"status":"passed","message":"","name":"/Users/shiso/Documents/js-sdk/packages/sfu-bot/tests/plugin.test.ts"},{"assertionResults":[{"ancestorTitles":["subscription","methods","changePreferredEncoding","success"],"fullName":"subscription methods changePreferredEncoding success low to high","status":"passed","title":"low to high","duration":5541.700000000186,"failureMessages":[],"meta":{}},{"ancestorTitles":["subscription","methods","changePreferredEncoding","success"],"fullName":"subscription methods changePreferredEncoding success high to low","status":"passed","title":"high to low","duration":6338.199999999721,"failureMessages":[],"meta":{}}],"startTime":1751261768113,"endTime":1751261779993.2,"status":"passed","message":"","name":"/Users/shiso/Documents/js-sdk/packages/sfu-bot/tests/subscription.test.ts"},{"assertionResults":[{"ancestorTitles":["transport","restartIce"],"fullName":"transport restartIce success","status":"passed","title":"success","duration":1143.4000000003725,"failureMessages":[],"meta":{}},{"ancestorTitles":["transport","restartIce"],"fullName":"transport restartIce should disconnect when over retry limitation","status":"passed","title":"should disconnect when over retry limitation","duration":780.2000000001863,"failureMessages":[],"meta":{}},{"ancestorTitles":["transport"],"fullName":"transport should not disconnect when at retry limitation","status":"passed","title":"should not disconnect when at retry limitation","duration":10058.799999999814,"failureMessages":[],"meta":{}}],"startTime":1751261768109,"endTime":1751261780091.8,"status":"passed","message":"","name":"/Users/shiso/Documents/js-sdk/packages/sfu-bot/tests/transport.test.ts"}]}