{"numTotalTestSuites":41,"numPassedTestSuites":41,"numFailedTestSuites":0,"numPendingTestSuites":0,"numTotalTests":37,"numPassedTests":36,"numFailedTests":0,"numPendingTests":1,"numTodoTests":0,"snapshot":{"added":0,"failure":false,"filesAdded":0,"filesRemoved":0,"filesRemovedList":[],"filesUnmatched":0,"filesUpdated":0,"matched":0,"total":0,"unchecked":0,"uncheckedKeysByFile":[],"unmatched":0,"updated":0,"didUpdate":false},"startTime":1745828761755,"success":true,"testResults":[{"assertionResults":[{"ancestorTitles":["behavior"],"fullName":"behavior \n  複数のLocalPersonがPluginを利用している時に\n  あるLocalPersonが退室した際に\n  そのLocalPersonのTransportが破棄される","status":"passed","title":"\n  複数のLocalPersonがPluginを利用している時に\n  あるLocalPersonが退室した際に\n  そのLocalPersonのTransportが破棄される","duration":1049.8000000000466,"failureMessages":[],"meta":{}},{"ancestorTitles":["behavior"],"fullName":"behavior subscribers count should release","status":"passed","title":"subscribers count should release","duration":4914.199999999953,"failureMessages":[],"meta":{}}],"startTime":1745828766566,"endTime":1745828772529.2,"status":"passed","message":"","name":"/Users/shiso/Documents/js-sdk/packages/sfu-bot/tests/behavior.test.ts"},{"assertionResults":[{"ancestorTitles":["localPerson","methods","subscribe","success"],"fullName":"localPerson methods subscribe success normal","status":"passed","title":"normal","duration":1520,"failureMessages":[],"meta":{}},{"ancestorTitles":["localPerson","methods","subscribe","success"],"fullName":"localPerson methods subscribe success subscribe preferred low layer","status":"passed","title":"subscribe preferred low layer","duration":3188.100000000093,"failureMessages":[],"meta":{}},{"ancestorTitles":["localPerson","methods","subscribe","success"],"fullName":"localPerson methods subscribe success subscribe preferred high layer","status":"passed","title":"subscribe preferred high layer","duration":3208.1999999999534,"failureMessages":[],"meta":{}},{"ancestorTitles":["localPerson","methods","subscribe","fail"],"fullName":"localPerson methods subscribe fail exceeded maxSubscribes limitation","status":"passed","title":"exceeded maxSubscribes limitation","duration":1506.8999999999069,"failureMessages":[],"meta":{}},{"ancestorTitles":["localPerson","methods","unpublish"],"fullName":"localPerson methods unpublish should relayed publication to be unpublished","status":"passed","title":"should relayed publication to be unpublished","duration":982.8000000000466,"failureMessages":[],"meta":{}},{"ancestorTitles":["localPerson","methods","publish","success"],"fullName":"localPerson methods publish success enable opusDtx","status":"passed","title":"enable opusDtx","duration":1433.6999999999534,"failureMessages":[],"meta":{}},{"ancestorTitles":["localPerson","methods","publish","success"],"fullName":"localPerson methods publish success disable opusDtx","status":"passed","title":"disable opusDtx","duration":1437,"failureMessages":[],"meta":{}},{"ancestorTitles":["localPerson","methods","publish","success"],"fullName":"localPerson methods publish success use h264","status":"skipped","title":"use h264","failureMessages":[],"meta":{}},{"ancestorTitles":["localPerson","methods","updateEncodings"],"fullName":"localPerson methods updateEncodings should update encodings","status":"passed","title":"should update encodings","duration":5655.300000000047,"failureMessages":[],"meta":{}},{"ancestorTitles":["scenario"],"fullName":"scenario forwardingが完了する前にChannelにRelayingPublicationがPublishされた時点でSubscribeできる","status":"passed","title":"forwardingが完了する前にChannelにRelayingPublicationがPublishされた時点でSubscribeできる","duration":1808.5,"failureMessages":[],"meta":{}}],"startTime":1745828766567,"endTime":1745828787308.5,"status":"passed","message":"","name":"/Users/shiso/Documents/js-sdk/packages/sfu-bot/tests/localPerson.test.ts"},{"assertionResults":[{"ancestorTitles":["sfuBotMember","methods","startForwarding","success"],"fullName":"sfuBotMember methods startForwarding success audioStream","status":"passed","title":"audioStream","duration":1051.3000000000466,"failureMessages":[],"meta":{}},{"ancestorTitles":["sfuBotMember","methods","startForwarding","success"],"fullName":"sfuBotMember methods startForwarding success videoStream","status":"passed","title":"videoStream","duration":758.8999999999069,"failureMessages":[],"meta":{}},{"ancestorTitles":["sfuBotMember","methods","startForwarding","fail"],"fullName":"sfuBotMember methods startForwarding fail with incomplete permission token","status":"passed","title":"with incomplete permission token","duration":502.5,"failureMessages":[],"meta":{}},{"ancestorTitles":["sfuBotMember","methods","startForwarding","fail"],"fullName":"sfuBotMember methods startForwarding fail bot not exist","status":"passed","title":"bot not exist","duration":555.9000000001397,"failureMessages":[],"meta":{}},{"ancestorTitles":["sfuBotMember","methods","startForwarding","fail"],"fullName":"sfuBotMember methods startForwarding fail publication not exist","status":"passed","title":"publication not exist","duration":488.89999999990687,"failureMessages":[],"meta":{}},{"ancestorTitles":["sfuBotMember","methods","startForwarding","fail"],"fullName":"sfuBotMember methods startForwarding fail dataStream not supported","status":"passed","title":"dataStream not supported","duration":558.8999999999069,"failureMessages":[],"meta":{}},{"ancestorTitles":["sfuBotMember","methods","stopForwarding"],"fullName":"sfuBotMember methods stopForwarding success","status":"passed","title":"success","duration":897.8000000000466,"failureMessages":[],"meta":{}},{"ancestorTitles":["sfuBotMember","methods","stopForwarding","fail"],"fullName":"sfuBotMember methods stopForwarding fail with incomplete permission token","status":"passed","title":"with incomplete permission token","duration":1018.1999999999534,"failureMessages":[],"meta":{}},{"ancestorTitles":["sfuBotMember","methods","stopForwarding","fail"],"fullName":"sfuBotMember methods stopForwarding fail bot not exist","status":"passed","title":"bot not exist","duration":899.3000000000466,"failureMessages":[],"meta":{}},{"ancestorTitles":["sfuBotMember","methods","stopForwarding","fail"],"fullName":"sfuBotMember methods stopForwarding fail not exist forwarding","status":"passed","title":"not exist forwarding","duration":478.30000000004657,"failureMessages":[],"meta":{}},{"ancestorTitles":["sfuBotMember","properties","publications"],"fullName":"sfuBotMember properties publications increase and decrease","status":"passed","title":"increase and decrease","duration":1048.1999999999534,"failureMessages":[],"meta":{}},{"ancestorTitles":["sfuBotMember","properties","subscriptions"],"fullName":"sfuBotMember properties subscriptions increase and decrease","status":"passed","title":"increase and decrease","duration":955.7000000001863,"failureMessages":[],"meta":{}},{"ancestorTitles":["sfuBotMember","events"],"fullName":"sfuBotMember events onForwardingStarted","status":"passed","title":"onForwardingStarted","duration":803.6999999999534,"failureMessages":[],"meta":{}},{"ancestorTitles":["sfuBotMember","events"],"fullName":"sfuBotMember events onForwardingStopped","status":"passed","title":"onForwardingStopped","duration":874.3000000000466,"failureMessages":[],"meta":{}},{"ancestorTitles":["dispose"],"fullName":"dispose should dispose connections when channel closed","status":"passed","title":"should dispose connections when channel closed","duration":834,"failureMessages":[],"meta":{}}],"startTime":1745828766567,"endTime":1745828778294,"status":"passed","message":"","name":"/Users/shiso/Documents/js-sdk/packages/sfu-bot/tests/member.test.ts"},{"assertionResults":[{"ancestorTitles":["SfuBotPlugin","methods","createBot"],"fullName":"SfuBotPlugin methods createBot success","status":"passed","title":"success","duration":329.69999999995343,"failureMessages":[],"meta":{}},{"ancestorTitles":["SfuBotPlugin","methods","createBot","fail"],"fullName":"SfuBotPlugin methods createBot fail with incomplete permission token","status":"passed","title":"with incomplete permission token","duration":222.19999999995343,"failureMessages":[],"meta":{}},{"ancestorTitles":["SfuBotPlugin","methods","deleteBot"],"fullName":"SfuBotPlugin methods deleteBot success","status":"passed","title":"success","duration":323.69999999995343,"failureMessages":[],"meta":{}},{"ancestorTitles":["SfuBotPlugin","methods","deleteBot","fail"],"fullName":"SfuBotPlugin methods deleteBot fail bot not exist","status":"passed","title":"bot not exist","duration":240.80000000004657,"failureMessages":[],"meta":{}},{"ancestorTitles":["SfuBotPlugin","methods","deleteBot","fail"],"fullName":"SfuBotPlugin methods deleteBot fail with incomplete permission token","status":"passed","title":"with incomplete permission token","duration":283.69999999995343,"failureMessages":[],"meta":{}}],"startTime":1745828766571,"endTime":1745828767970.7,"status":"passed","message":"","name":"/Users/shiso/Documents/js-sdk/packages/sfu-bot/tests/plugin.test.ts"},{"assertionResults":[{"ancestorTitles":["subscription","methods","changePreferredEncoding","success"],"fullName":"subscription methods changePreferredEncoding success low to high","status":"passed","title":"low to high","duration":5436.100000000093,"failureMessages":[],"meta":{}},{"ancestorTitles":["subscription","methods","changePreferredEncoding","success"],"fullName":"subscription methods changePreferredEncoding success high to low","status":"passed","title":"high to low","duration":6202.5,"failureMessages":[],"meta":{}}],"startTime":1745828766568,"endTime":1745828778206.5,"status":"passed","message":"","name":"/Users/shiso/Documents/js-sdk/packages/sfu-bot/tests/subscription.test.ts"},{"assertionResults":[{"ancestorTitles":["transport","restartIce"],"fullName":"transport restartIce success","status":"passed","title":"success","duration":1085,"failureMessages":[],"meta":{}},{"ancestorTitles":["transport","restartIce"],"fullName":"transport restartIce should disconnect when over retry limitation","status":"passed","title":"should disconnect when over retry limitation","duration":750.8000000000466,"failureMessages":[],"meta":{}},{"ancestorTitles":["transport"],"fullName":"transport should not disconnect when at retry limitation","status":"passed","title":"should not disconnect when at retry limitation","duration":9215.5,"failureMessages":[],"meta":{}}],"startTime":1745828766568,"endTime":1745828777619.5,"status":"passed","message":"","name":"/Users/shiso/Documents/js-sdk/packages/sfu-bot/tests/transport.test.ts"}]}